[32minfo[39m: ✅ Database connection established successfully {"timestamp":"2026-03-04 16:12:25"}
[31merror[39m: ❌ Database connection failed: default for column "role" cannot be cast automatically to type enum_users_role {"name":"SequelizeDatabaseError","original":{"code":"42804","file":"tablecmds.c","length":149,"line":"14826","name":"error","routine":"ATExecAlterColumnType","severity":"ERROR","sql":"ALTER TABLE \"users\" ALTER COLUMN \"role\" DROP NOT NULL;ALTER TABLE \"users\" ALTER COLUMN \"role\" SET DEFAULT 'user';DO 'BEGIN CREATE TYPE \"public\".\"enum_users_role\" AS ENUM(''user'', ''admin'', ''moderator''); EXCEPTION WHEN duplicate_object THEN null; END';ALTER TABLE \"users\" ALTER COLUMN \"role\" TYPE \"public\".\"enum_users_role\" USING (\"role\"::\"public\".\"enum_users_role\");"},"parameters":{},"parent":{"code":"42804","file":"tablecmds.c","length":149,"line":"14826","name":"error","routine":"ATExecAlterColumnType","severity":"ERROR","sql":"ALTER TABLE \"users\" ALTER COLUMN \"role\" DROP NOT NULL;ALTER TABLE \"users\" ALTER COLUMN \"role\" SET DEFAULT 'user';DO 'BEGIN CREATE TYPE \"public\".\"enum_users_role\" AS ENUM(''user'', ''admin'', ''moderator''); EXCEPTION WHEN duplicate_object THEN null; END';ALTER TABLE \"users\" ALTER COLUMN \"role\" TYPE \"public\".\"enum_users_role\" USING (\"role\"::\"public\".\"enum_users_role\");"},"sql":"ALTER TABLE \"users\" ALTER COLUMN \"role\" DROP NOT NULL;ALTER TABLE \"users\" ALTER COLUMN \"role\" SET DEFAULT 'user';DO 'BEGIN CREATE TYPE \"public\".\"enum_users_role\" AS ENUM(''user'', ''admin'', ''moderator''); EXCEPTION WHEN duplicate_object THEN null; END';ALTER TABLE \"users\" ALTER COLUMN \"role\" TYPE \"public\".\"enum_users_role\" USING (\"role\"::\"public\".\"enum_users_role\");","stack":"Error\n    at Query.run (C:\\Users\\Administrator\\Documents\\TEJA\\SW\\matrimony-platform-clean\\matrimony\\backend\\node_modules\\sequelize\\lib\\dialects\\postgres\\query.js:50:25)\n    at C:\\Users\\Administrator\\Documents\\TEJA\\SW\\matrimony-platform-clean\\matrimony\\backend\\node_modules\\sequelize\\lib\\sequelize.js:315:28\n    at process.processTicksAndRejections (node:internal/process/task_queues:103:5)\n    at async User.sync (C:\\Users\\Administrator\\Documents\\TEJA\\SW\\matrimony-platform-clean\\matrimony\\backend\\node_modules\\sequelize\\lib\\model.js:984:11)\n    at async Sequelize.sync (C:\\Users\\Administrator\\Documents\\TEJA\\SW\\matrimony-platform-clean\\matrimony\\backend\\node_modules\\sequelize\\lib\\sequelize.js:377:9)\n    at async connectDB (C:\\Users\\Administrator\\Documents\\TEJA\\SW\\matrimony-platform-clean\\matrimony\\backend\\src\\config\\database.js:32:7)\n    at async startServer (C:\\Users\\Administrator\\Documents\\TEJA\\SW\\matrimony-platform-clean\\matrimony\\backend\\src\\server.js:131:3)","timestamp":"2026-03-04 16:12:25"}
[32minfo[39m: ✅ Database connection established successfully {"timestamp":"2026-03-04 16:16:07"}
[32minfo[39m: ✅ Database synced (alter mode) {"timestamp":"2026-03-04 16:16:07"}
[32minfo[39m: 🚀 Server running on port 5000 in development mode {"timestamp":"2026-03-04 16:16:07"}
[32minfo[39m: 📚 API Docs: http://localhost:5000/api/v1/docs {"timestamp":"2026-03-04 16:16:07"}
[32minfo[39m: 🏥 Health: http://localhost:5000/health {"timestamp":"2026-03-04 16:16:07"}
[32minfo[39m: ✅ Database connection established successfully {"timestamp":"2026-03-04 16:16:14"}
[32minfo[39m: ✅ Database synced (alter mode) {"timestamp":"2026-03-04 16:16:14"}
[32minfo[39m: 🚀 Server running on port 5000 in development mode {"timestamp":"2026-03-04 16:16:14"}
[32minfo[39m: 📚 API Docs: http://localhost:5000/api/v1/docs {"timestamp":"2026-03-04 16:16:14"}
[32minfo[39m: 🏥 Health: http://localhost:5000/health {"timestamp":"2026-03-04 16:16:14"}
[32minfo[39m: ✅ Database connection established successfully {"timestamp":"2026-03-04 16:16:55"}
[32minfo[39m: ✅ Database synced (alter mode) {"timestamp":"2026-03-04 16:16:55"}
[32minfo[39m: 🚀 Server running on port 5000 in development mode {"timestamp":"2026-03-04 16:16:55"}
[32minfo[39m: 📚 API Docs: http://localhost:5000/api/v1/docs {"timestamp":"2026-03-04 16:16:55"}
[32minfo[39m: 🏥 Health: http://localhost:5000/health {"timestamp":"2026-03-04 16:16:55"}
[32minfo[39m: ✅ Database connection established successfully {"timestamp":"2026-03-04 16:17:42"}
[32minfo[39m: ✅ Database synced (alter mode) {"timestamp":"2026-03-04 16:17:43"}
[32minfo[39m: 🚀 Server running on port 5000 in development mode {"timestamp":"2026-03-04 16:17:43"}
[32minfo[39m: 📚 API Docs: http://localhost:5000/api/v1/docs {"timestamp":"2026-03-04 16:17:43"}
[32minfo[39m: 🏥 Health: http://localhost:5000/health {"timestamp":"2026-03-04 16:17:43"}
